{"level":"error","message":"this is message for winston"}
{
  level: 'error',
  message: 'this is message for winston',
  timestamp: '2023-11-04T09:06:36.704Z',
  label: 'this is lable'
}
{
  level: 'error',
  message: 'this is message for winston',
  timestamp: '2023-11-04T09:14:52.430Z',
  label: 'this is lable'
}
{
  level: 'error',
  message: 'this is message for winston',
  timestamp: '2024-08-13T07:04:13.408Z',
  label: 'this is lable'
}
{
  level: 'error',
  message: 'this is message for winston',
  timestamp: '2024-08-13T07:10:34.161Z',
  label: 'this is lable'
}
{
  level: 'error',
  message: 'this is message for winston',
  timestamp: '2024-08-13T07:11:05.754Z',
  label: 'this is lable'
}
{
  level: 'error',
  message: 'this is message for winston',
  timestamp: '2024-08-13T07:12:06.386Z',
  label: 'this is lable'
}
{
  level: 'error',
  message: 'this is message for winston',
  timestamp: '2024-08-13T07:13:28.615Z',
  label: 'this is lable'
}
{
  level: 'error',
  message: 'this is message for winston',
  timestamp: '2024-08-13T07:35:47.949Z',
  label: 'this is lable'
}
{
  level: 'error',
  message: 'this is message for winston',
  timestamp: '2024-08-13T07:36:29.432Z',
  label: 'this is lable'
}
{
  level: 'error',
  message: 'this is message for winston',
  timestamp: '2024-08-13T07:37:26.534Z',
  label: 'this is lable'
}
{
  level: 'error',
  message: 'this is message for winston',
  timestamp: '2024-08-13T08:09:08.076Z',
  label: 'this is lable'
}
{
  level: 'error',
  message: 'this is message for winston',
  timestamp: '2024-08-13T08:09:47.933Z',
  label: 'this is lable'
}
{
  level: 'error',
  message: 'this is message for winston',
  timestamp: '2024-08-13T08:10:39.078Z',
  label: 'this is lable'
}
{
  level: 'error',
  message: 'this is message for winston',
  timestamp: '2024-08-13T08:11:22.585Z',
  label: 'this is lable'
}
{
  level: 'error',
  message: 'this is message for winston',
  timestamp: '2024-08-13T08:12:12.641Z',
  label: 'this is lable'
}
{
  level: 'error',
  message: 'this is message for winston',
  timestamp: '2024-08-13T08:13:12.016Z',
  label: 'this is lable'
}
{
  level: 'error',
  message: 'this is message for winston',
  timestamp: '2024-08-13T09:54:03.408Z',
  label: 'this is lable'
}
{
  level: 'error',
  message: 'this is message for winston',
  timestamp: '2024-08-13T09:54:49.012Z',
  label: 'this is lable'
}
{
  level: 'error',
  message: 'this is message for winston',
  timestamp: '2024-08-13T09:55:43.962Z',
  label: 'this is lable'
}
{
  level: 'error',
  message: 'this is message for winston',
  timestamp: '2024-08-13T09:57:18.121Z',
  label: 'this is lable'
}
{
  level: 'error',
  message: 'this is message for winston',
  timestamp: '2024-08-14T13:03:39.155Z',
  label: 'this is lable'
}
{
  level: 'error',
  message: 'this is message for winston',
  timestamp: '2024-08-14T13:07:41.369Z',
  label: 'this is lable'
}
{
  level: 'error',
  message: 'this is message for winston',
  timestamp: '2024-08-14T20:16:08.203Z',
  label: 'this is lable'
}
{
  level: 'error',
  message: 'this is message for winston',
  timestamp: '2024-08-14T20:16:17.101Z',
  label: 'this is lable'
}
{
  level: 'error',
  message: 'this is message for winston',
  timestamp: '2024-08-15T06:08:49.686Z',
  label: 'this is lable'
}
{
  level: 'error',
  message: 'this is message for winston',
  timestamp: '2024-08-15T06:09:47.704Z',
  label: 'this is lable'
}
{
  level: 'error',
  message: 'this is message for winston',
  timestamp: '2024-08-25T14:23:50.251Z',
  label: 'this is lable'
}
{
  level: 'error',
  message: 'this is message for winston',
  timestamp: '2024-08-25T14:24:12.359Z',
  label: 'this is lable'
}
{
  level: 'error',
  message: 'this is message for winston',
  timestamp: '2024-09-01T07:24:41.920Z',
  label: 'this is lable'
}
{
  level: 'error',
  message: 'this is message for winston',
  timestamp: '2024-09-01T07:56:41.015Z',
  label: 'this is lable'
}
{
  level: 'error',
  message: 'this is message for winston',
  timestamp: '2024-09-01T07:56:55.185Z',
  label: 'this is lable'
}
